<?xml version="1.0" encoding="UTF-8"?>
<!-- Generated by org.testng.reporters.JUnitReportReporter -->
<testsuite hostname="YV-Jerry.local" failures="0" tests="1" name="admin.SubmitButtonTest" time="1.430" errors="0" timestamp="2022-09-01T20:48:35 WAT" skipped="0">
  <testcase classname="admin.SubmitButtonTest" name="buttonTest" time="1.430"/>
  <system-out/>
</testsuite> <!-- admin.SubmitButtonTest -->
