<?xml version="1.0" encoding="UTF-8"?>
<!-- Generated by org.testng.reporters.JUnitReportReporter -->
<testsuite hostname="YV-Jerry.local" failures="0" tests="1" name="admin.Test1" time="0.014" errors="0" timestamp="2022-07-30T13:53:28 WAT" skipped="0">
  <testcase classname="admin.Test1" name="sjfie" time="0.014"/>
  <system-out/>
</testsuite> <!-- admin.Test1 -->
